              :-) GROMACS - gmx mdrun, 2020.1-Ubuntu-2020.1-1 (-:

                            GROMACS is written by:
     Emile Apol      Rossen Apostolov      Paul Bauer     Herman J.C. Berendsen
    Par Bjelkmar      Christian Blau   Viacheslav Bolnykh     Kevin Boyd    
 Aldert van Buuren   Rudi van Drunen     Anton Feenstra       Alan Gray     
  Gerrit Groenhof     Anca Hamuraru    Vincent Hindriksen  M. Eric Irrgang  
  Aleksei Iupinov   Christoph Junghans     Joe Jordan     Dimitrios Karkoulis
    Peter Kasson        Jiri Kraus      Carsten Kutzner      Per Larsson    
  Justin A. Lemkul    Viveca Lindahl    Magnus Lundborg     Erik Marklund   
    Pascal Merz     Pieter Meulenhoff    Teemu Murtola       Szilard Pall   
    Sander Pronk      Roland Schulz      Michael Shirts    Alexey Shvetsov  
   Alfons Sijbers     Peter Tieleman      Jon Vincent      Teemu Virolainen 
 Christian Wennberg    Maarten Wolf      Artem Zhmurov   
                           and the project leaders:
        Mark Abraham, Berk Hess, Erik Lindahl, and David van der Spoel

Copyright (c) 1991-2000, University of Groningen, The Netherlands.
Copyright (c) 2001-2019, The GROMACS development team at
Uppsala University, Stockholm University and
the Royal Institute of Technology, Sweden.
check out http://www.gromacs.org for more information.

GROMACS is free software; you can redistribute it and/or modify it
under the terms of the GNU Lesser General Public License
as published by the Free Software Foundation; either version 2.1
of the License, or (at your option) any later version.

GROMACS:      gmx mdrun, version 2020.1-Ubuntu-2020.1-1
Executable:   /usr/bin/gmx
Data prefix:  /usr
Working dir:  /home/xubuntu/emptydir/md
Process ID:   1694
Command line:
  gmx mdrun -deffnm md_0_1

GROMACS version:    2020.1-Ubuntu-2020.1-1
Precision:          single
Memory model:       64 bit
MPI library:        thread_mpi
OpenMP support:     enabled (GMX_OPENMP_MAX_THREADS = 64)
GPU support:        disabled
SIMD instructions:  SSE2
FFT library:        fftw-3.3.8-sse2-avx
RDTSCP usage:       disabled
TNG support:        enabled
Hwloc support:      hwloc-2.1.0
Tracing support:    disabled
C compiler:         /usr/bin/cc GNU 9.3.0
C compiler flags:   -msse2 -fexcess-precision=fast -funroll-all-loops
C++ compiler:       /usr/bin/c++ GNU 9.3.0
C++ compiler flags: -msse2 -fexcess-precision=fast -funroll-all-loops -fopenmp


Running on 1 node with total 2 cores, 2 logical cores
Hardware detected:
  CPU info:
    Vendor: Intel
    Brand:  Intel(R) Core(TM) i5-6300HQ CPU @ 2.30GHz
    Family: 6   Model: 94   Stepping: 3
    Features: apic clfsh cmov cx8 intel lahf mmx msr nonstop_tsc pcid pse rdtscp sse2 sse3 sse4.1 sse4.2 ssse3
  Hardware topology: Full, with devices
    Sockets, cores, and logical processors:
      Socket  0: [   0] [   1]
    Numa nodes:
      Node  0 (2084081664 bytes mem):   0   1
      Latency:
               0
         0  1.00
    Caches:
      L1: 32768 bytes, linesize 64 bytes, assoc. 8, shared 1 ways
      L2: 262144 bytes, linesize 64 bytes, assoc. 4, shared 1 ways
      L3: 6291456 bytes, linesize 64 bytes, assoc. 12, shared 1 ways
    PCI devices:
      0000:00:01.1  Id: 8086:7111  Class: 0x0101  Numa: 0
      0000:00:02.0  Id: 15ad:0405  Class: 0x0300  Numa: 0
      0000:00:03.0  Id: 8086:100e  Class: 0x0200  Numa: 0
      0000:00:0d.0  Id: 8086:2829  Class: 0x0106  Numa: 0

Highest SIMD level requested by all nodes in run: SSE4.1
SIMD instructions selected at compile time:       SSE2
This program was compiled for different hardware than you are running on,
which could influence performance.
The current CPU can measure timings more accurately than the code in
gmx mdrun was configured to use. This might affect your simulation
speed as accurate timings are needed for load-balancing.
Please consider rebuilding gmx mdrun with the GMX_USE_RDTSCP=ON CMake option.

++++ PLEASE READ AND CITE THE FOLLOWING REFERENCE ++++
M. J. Abraham, T. Murtola, R. Schulz, S. Páll, J. C. Smith, B. Hess, E.
Lindahl
GROMACS: High performance molecular simulations through multi-level
parallelism from laptops to supercomputers
SoftwareX 1 (2015) pp. 19-25
-------- -------- --- Thank You --- -------- --------


++++ PLEASE READ AND CITE THE FOLLOWING REFERENCE ++++
S. Páll, M. J. Abraham, C. Kutzner, B. Hess, E. Lindahl
Tackling Exascale Software Challenges in Molecular Dynamics Simulations with
GROMACS
In S. Markidis & E. Laure (Eds.), Solving Software Challenges for Exascale 8759 (2015) pp. 3-27
-------- -------- --- Thank You --- -------- --------


++++ PLEASE READ AND CITE THE FOLLOWING REFERENCE ++++
S. Pronk, S. Páll, R. Schulz, P. Larsson, P. Bjelkmar, R. Apostolov, M. R.
Shirts, J. C. Smith, P. M. Kasson, D. van der Spoel, B. Hess, and E. Lindahl
GROMACS 4.5: a high-throughput and highly parallel open source molecular
simulation toolkit
Bioinformatics 29 (2013) pp. 845-54
-------- -------- --- Thank You --- -------- --------


++++ PLEASE READ AND CITE THE FOLLOWING REFERENCE ++++
B. Hess and C. Kutzner and D. van der Spoel and E. Lindahl
GROMACS 4: Algorithms for highly efficient, load-balanced, and scalable
molecular simulation
J. Chem. Theory Comput. 4 (2008) pp. 435-447
-------- -------- --- Thank You --- -------- --------


++++ PLEASE READ AND CITE THE FOLLOWING REFERENCE ++++
D. van der Spoel, E. Lindahl, B. Hess, G. Groenhof, A. E. Mark and H. J. C.
Berendsen
GROMACS: Fast, Flexible and Free
J. Comp. Chem. 26 (2005) pp. 1701-1719
-------- -------- --- Thank You --- -------- --------


++++ PLEASE READ AND CITE THE FOLLOWING REFERENCE ++++
E. Lindahl and B. Hess and D. van der Spoel
GROMACS 3.0: A package for molecular simulation and trajectory analysis
J. Mol. Mod. 7 (2001) pp. 306-317
-------- -------- --- Thank You --- -------- --------


++++ PLEASE READ AND CITE THE FOLLOWING REFERENCE ++++
H. J. C. Berendsen, D. van der Spoel and R. van Drunen
GROMACS: A message-passing parallel molecular dynamics implementation
Comp. Phys. Comm. 91 (1995) pp. 43-56
-------- -------- --- Thank You --- -------- --------

Input Parameters:
   integrator                     = md
   tinit                          = 0
   dt                             = 0.002
   nsteps                         = 50000
   init-step                      = 0
   simulation-part                = 1
   comm-mode                      = Linear
   nstcomm                        = 100
   bd-fric                        = 0
   ld-seed                        = -778381335
   emtol                          = 10
   emstep                         = 0.01
   niter                          = 20
   fcstep                         = 0
   nstcgsteep                     = 1000
   nbfgscorr                      = 10
   rtpi                           = 0.05
   nstxout                        = 0
   nstvout                        = 0
   nstfout                        = 0
   nstlog                         = 5000
   nstcalcenergy                  = 100
   nstenergy                      = 5000
   nstxout-compressed             = 5000
   compressed-x-precision         = 1000
   cutoff-scheme                  = Verlet
   nstlist                        = 10
   pbc                            = xyz
   periodic-molecules             = false
   verlet-buffer-tolerance        = 0.005
   rlist                          = 1
   coulombtype                    = PME
   coulomb-modifier               = Potential-shift
   rcoulomb-switch                = 0
   rcoulomb                       = 1
   epsilon-r                      = 1
   epsilon-rf                     = inf
   vdw-type                       = Cut-off
   vdw-modifier                   = Potential-shift
   rvdw-switch                    = 0
   rvdw                           = 1
   DispCorr                       = EnerPres
   table-extension                = 1
   fourierspacing                 = 0.16
   fourier-nx                     = 48
   fourier-ny                     = 48
   fourier-nz                     = 48
   pme-order                      = 4
   ewald-rtol                     = 1e-05
   ewald-rtol-lj                  = 0.001
   lj-pme-comb-rule               = Geometric
   ewald-geometry                 = 0
   epsilon-surface                = 0
   tcoupl                         = V-rescale
   nsttcouple                     = 10
   nh-chain-length                = 0
   print-nose-hoover-chain-variables = false
   pcoupl                         = Parrinello-Rahman
   pcoupltype                     = Isotropic
   nstpcouple                     = 10
   tau-p                          = 2
   compressibility (3x3):
      compressibility[    0]={ 4.50000e-05,  0.00000e+00,  0.00000e+00}
      compressibility[    1]={ 0.00000e+00,  4.50000e-05,  0.00000e+00}
      compressibility[    2]={ 0.00000e+00,  0.00000e+00,  4.50000e-05}
   ref-p (3x3):
      ref-p[    0]={ 1.00000e+00,  0.00000e+00,  0.00000e+00}
      ref-p[    1]={ 0.00000e+00,  1.00000e+00,  0.00000e+00}
      ref-p[    2]={ 0.00000e+00,  0.00000e+00,  1.00000e+00}
   refcoord-scaling               = No
   posres-com (3):
      posres-com[0]= 0.00000e+00
      posres-com[1]= 0.00000e+00
      posres-com[2]= 0.00000e+00
   posres-comB (3):
      posres-comB[0]= 0.00000e+00
      posres-comB[1]= 0.00000e+00
      posres-comB[2]= 0.00000e+00
   QMMM                           = false
   QMconstraints                  = 0
   QMMMscheme                     = 0
   MMChargeScaleFactor            = 1
qm-opts:
   ngQM                           = 0
   constraint-algorithm           = Lincs
   continuation                   = true
   Shake-SOR                      = false
   shake-tol                      = 0.0001
   lincs-order                    = 4
   lincs-iter                     = 1
   lincs-warnangle                = 30
   nwall                          = 0
   wall-type                      = 9-3
   wall-r-linpot                  = -1
   wall-atomtype[0]               = -1
   wall-atomtype[1]               = -1
   wall-density[0]                = 0
   wall-density[1]                = 0
   wall-ewald-zfac                = 3
   pull                           = false
   awh                            = false
   rotation                       = false
   interactiveMD                  = false
   disre                          = No
   disre-weighting                = Conservative
   disre-mixed                    = false
   dr-fc                          = 1000
   dr-tau                         = 0
   nstdisreout                    = 100
   orire-fc                       = 0
   orire-tau                      = 0
   nstorireout                    = 100
   free-energy                    = no
   cos-acceleration               = 0
   deform (3x3):
      deform[    0]={ 0.00000e+00,  0.00000e+00,  0.00000e+00}
      deform[    1]={ 0.00000e+00,  0.00000e+00,  0.00000e+00}
      deform[    2]={ 0.00000e+00,  0.00000e+00,  0.00000e+00}
   simulated-tempering            = false
   swapcoords                     = no
   userint1                       = 0
   userint2                       = 0
   userint3                       = 0
   userint4                       = 0
   userreal1                      = 0
   userreal2                      = 0
   userreal3                      = 0
   userreal4                      = 0
   applied-forces:
     electric-field:
       x:
         E0                       = 0
         omega                    = 0
         t0                       = 0
         sigma                    = 0
       y:
         E0                       = 0
         omega                    = 0
         t0                       = 0
         sigma                    = 0
       z:
         E0                       = 0
         omega                    = 0
         t0                       = 0
         sigma                    = 0
     density-guided-simulation:
       active                     = false
       group                      = protein
       similarity-measure         = inner-product
       atom-spreading-weight      = unity
       force-constant             = 1e+09
       gaussian-transform-spreading-width = 0.2
       gaussian-transform-spreading-range-in-multiples-of-width = 4
       reference-density-filename = reference.mrc
       nst                        = 1
       normalize-densities        = true
       adaptive-force-scaling     = false
       adaptive-force-scaling-time-constant = 4
grpopts:
   nrdf:     6151.76     70578.2
   ref-t:         300         300
   tau-t:         0.1         0.1
annealing:          No          No
annealing-npoints:           0           0
   acc:	           0           0           0
   nfreeze:           N           N           N
   energygrp-flags[  0]: 0

Changing nstlist from 10 to 50, rlist from 1 to 1.116


Using 1 MPI thread

Non-default thread affinity set, disabling internal thread affinity

Using 2 OpenMP threads 

System total charge: -0.000
Will do PME sum in reciprocal space for electrostatic interactions.

++++ PLEASE READ AND CITE THE FOLLOWING REFERENCE ++++
U. Essmann, L. Perera, M. L. Berkowitz, T. Darden, H. Lee and L. G. Pedersen 
A smooth particle mesh Ewald method
J. Chem. Phys. 103 (1995) pp. 8577-8592
-------- -------- --- Thank You --- -------- --------

Using a Gaussian width (1/beta) of 0.320163 nm for Ewald
Potential shift: LJ r^-12: -1.000e+00 r^-6: -1.000e+00, Ewald -1.000e-05
Initialized non-bonded Coulomb Ewald tables, spacing: 9.33e-04 size: 1073

Generated table with 1058 data points for 1-4 COUL.
Tabscale = 500 points/nm
Generated table with 1058 data points for 1-4 LJ6.
Tabscale = 500 points/nm
Generated table with 1058 data points for 1-4 LJ12.
Tabscale = 500 points/nm

Using SIMD 4x4 nonbonded short-range kernels

Using a dual 4x4 pair-list setup updated with dynamic pruning:
  outer list: updated every 50 steps, buffer 0.116 nm, rlist 1.116 nm
  inner list: updated every 12 steps, buffer 0.002 nm, rlist 1.002 nm
At tolerance 0.005 kJ/mol/ps per atom, equivalent classical 1x1 list would be:
  outer list: updated every 50 steps, buffer 0.244 nm, rlist 1.244 nm
  inner list: updated every 12 steps, buffer 0.047 nm, rlist 1.047 nm

Using geometric Lennard-Jones combination rule

Long Range LJ corr.: <C6> 3.2162e-04


Initializing LINear Constraint Solver

++++ PLEASE READ AND CITE THE FOLLOWING REFERENCE ++++
B. Hess and H. Bekker and H. J. C. Berendsen and J. G. E. M. Fraaije
LINCS: A Linear Constraint Solver for molecular simulations
J. Comp. Chem. 18 (1997) pp. 1463-1472
-------- -------- --- Thank You --- -------- --------

The number of constraints is 1219

++++ PLEASE READ AND CITE THE FOLLOWING REFERENCE ++++
S. Miyamoto and P. A. Kollman
SETTLE: An Analytical Version of the SHAKE and RATTLE Algorithms for Rigid
Water Models
J. Comp. Chem. 13 (1992) pp. 952-962
-------- -------- --- Thank You --- -------- --------


++++ PLEASE READ AND CITE THE FOLLOWING REFERENCE ++++
G. Bussi, D. Donadio and M. Parrinello
Canonical sampling through velocity rescaling
J. Chem. Phys. 126 (2007) pp. 014101
-------- -------- --- Thank You --- -------- --------

There are: 37746 Atoms
Center of mass motion removal mode is Linear
We have the following groups for center of mass motion removal:
  0:  rest

Started mdrun on rank 0 Mon Dec 13 17:50:03 2021

           Step           Time
              0        0.00000

   Energies (kJ/mol)
           Bond          Angle    Proper Dih. Ryckaert-Bell.          LJ-14
    1.58978e+03    4.75059e+03    3.21233e+02    2.52058e+03    3.12113e+03
     Coulomb-14        LJ (SR)  Disper. corr.   Coulomb (SR)   Coul. recip.
    1.30699e+04    1.03210e+05   -5.13709e+03   -7.10173e+05    3.25381e+03
      Potential    Kinetic En.   Total Energy  Conserved En.    Temperature
   -5.83473e+05    9.63861e+04   -4.87087e+05   -4.87065e+05    3.02166e+02
 Pres. DC (bar) Pressure (bar)   Constr. rmsd
   -2.28838e+02    1.18555e+02    3.06214e-06

           Step           Time
           5000       10.00000

   Energies (kJ/mol)
           Bond          Angle    Proper Dih. Ryckaert-Bell.          LJ-14
    1.85367e+03    4.92637e+03    2.70059e+02    2.38016e+03    3.17095e+03
     Coulomb-14        LJ (SR)  Disper. corr.   Coulomb (SR)   Coul. recip.
    1.31729e+04    1.02551e+05   -5.12054e+03   -7.09520e+05    3.27672e+03
      Potential    Kinetic En.   Total Energy  Conserved En.    Temperature
   -5.83039e+05    9.62368e+04   -4.86803e+05   -4.87000e+05    3.01698e+02
 Pres. DC (bar) Pressure (bar)   Constr. rmsd
   -2.27368e+02   -1.88252e+01    2.92536e-06

           Step           Time
          10000       20.00000

   Energies (kJ/mol)
           Bond          Angle    Proper Dih. Ryckaert-Bell.          LJ-14
    1.76039e+03    4.92490e+03    2.64143e+02    2.40376e+03    3.11373e+03
     Coulomb-14        LJ (SR)  Disper. corr.   Coulomb (SR)   Coul. recip.
    1.29654e+04    1.02267e+05   -5.11158e+03   -7.07396e+05    3.29408e+03
      Potential    Kinetic En.   Total Energy  Conserved En.    Temperature
   -5.81515e+05    9.63446e+04   -4.85170e+05   -4.86978e+05    3.02036e+02
 Pres. DC (bar) Pressure (bar)   Constr. rmsd
   -2.26574e+02   -8.02024e+01    2.91645e-06

           Step           Time
          15000       30.00000

   Energies (kJ/mol)
           Bond          Angle    Proper Dih. Ryckaert-Bell.          LJ-14
    1.81928e+03    4.97975e+03    3.06431e+02    2.43121e+03    3.07995e+03
     Coulomb-14        LJ (SR)  Disper. corr.   Coulomb (SR)   Coul. recip.
    1.30632e+04    1.01625e+05   -5.13256e+03   -7.07622e+05    3.22471e+03
      Potential    Kinetic En.   Total Energy  Conserved En.    Temperature
   -5.82224e+05    9.61403e+04   -4.86084e+05   -4.86932e+05    3.01395e+02
 Pres. DC (bar) Pressure (bar)   Constr. rmsd
   -2.28435e+02   -1.40230e+00    2.93405e-06

           Step           Time
          20000       40.00000

   Energies (kJ/mol)
           Bond          Angle    Proper Dih. Ryckaert-Bell.          LJ-14
    1.73195e+03    4.74691e+03    2.56513e+02    2.28155e+03    3.13520e+03
     Coulomb-14        LJ (SR)  Disper. corr.   Coulomb (SR)   Coul. recip.
    1.31231e+04    1.04250e+05   -5.11645e+03   -7.11392e+05    3.23019e+03
      Potential    Kinetic En.   Total Energy  Conserved En.    Temperature
   -5.83753e+05    9.46618e+04   -4.89091e+05   -4.86892e+05    2.96760e+02
 Pres. DC (bar) Pressure (bar)   Constr. rmsd
   -2.27006e+02    1.88335e+02    2.97224e-06

Writing checkpoint, step 23750 at Mon Dec 13 18:05:05 2021


           Step           Time
          25000       50.00000

   Energies (kJ/mol)
           Bond          Angle    Proper Dih. Ryckaert-Bell.          LJ-14
    1.78822e+03    5.04158e+03    2.73600e+02    2.38254e+03    3.08475e+03
     Coulomb-14        LJ (SR)  Disper. corr.   Coulomb (SR)   Coul. recip.
    1.30895e+04    1.02948e+05   -5.11530e+03   -7.09896e+05    3.26436e+03
      Potential    Kinetic En.   Total Energy  Conserved En.    Temperature
   -5.83140e+05    9.63712e+04   -4.86768e+05   -4.86861e+05    3.02119e+02
 Pres. DC (bar) Pressure (bar)   Constr. rmsd
   -2.26903e+02   -1.46730e+02    3.08368e-06

           Step           Time
          30000       60.00000

   Energies (kJ/mol)
           Bond          Angle    Proper Dih. Ryckaert-Bell.          LJ-14
    1.94405e+03    4.99917e+03    3.12163e+02    2.38931e+03    2.99898e+03
     Coulomb-14        LJ (SR)  Disper. corr.   Coulomb (SR)   Coul. recip.
    1.29134e+04    1.01281e+05   -5.09359e+03   -7.06925e+05    3.38530e+03
      Potential    Kinetic En.   Total Energy  Conserved En.    Temperature
   -5.81794e+05    9.64854e+04   -4.85309e+05   -4.86793e+05    3.02477e+02
 Pres. DC (bar) Pressure (bar)   Constr. rmsd
   -2.24984e+02   -3.18261e+02    3.14784e-06

           Step           Time
          35000       70.00000

   Energies (kJ/mol)
           Bond          Angle    Proper Dih. Ryckaert-Bell.          LJ-14
    1.84850e+03    5.02265e+03    2.92607e+02    2.36610e+03    3.01121e+03
     Coulomb-14        LJ (SR)  Disper. corr.   Coulomb (SR)   Coul. recip.
    1.31309e+04    1.02077e+05   -5.11377e+03   -7.06939e+05    3.20343e+03
      Potential    Kinetic En.   Total Energy  Conserved En.    Temperature
   -5.81100e+05    9.59696e+04   -4.85130e+05   -4.86794e+05    3.00860e+02
 Pres. DC (bar) Pressure (bar)   Constr. rmsd
   -2.26768e+02   -1.42339e+02    3.05889e-06

           Step           Time
          40000       80.00000

   Energies (kJ/mol)
           Bond          Angle    Proper Dih. Ryckaert-Bell.          LJ-14
    1.87727e+03    4.80238e+03    3.00671e+02    2.32968e+03    3.03344e+03
     Coulomb-14        LJ (SR)  Disper. corr.   Coulomb (SR)   Coul. recip.
    1.29626e+04    1.03371e+05   -5.12078e+03   -7.09963e+05    3.25197e+03
      Potential    Kinetic En.   Total Energy  Conserved En.    Temperature
   -5.83155e+05    9.47241e+04   -4.88431e+05   -4.86709e+05    2.96955e+02
 Pres. DC (bar) Pressure (bar)   Constr. rmsd
   -2.27390e+02   -2.92055e+00    2.85131e-06

           Step           Time
          45000       90.00000

   Energies (kJ/mol)
           Bond          Angle    Proper Dih. Ryckaert-Bell.          LJ-14
    1.86730e+03    5.00012e+03    2.83732e+02    2.42361e+03    3.11492e+03
     Coulomb-14        LJ (SR)  Disper. corr.   Coulomb (SR)   Coul. recip.
    1.30278e+04    1.02954e+05   -5.12013e+03   -7.08246e+05    3.27900e+03
      Potential    Kinetic En.   Total Energy  Conserved En.    Temperature
   -5.81416e+05    9.56878e+04   -4.85728e+05   -4.86659e+05    2.99976e+02
 Pres. DC (bar) Pressure (bar)   Constr. rmsd
   -2.27332e+02    5.91486e+01    3.26043e-06

Writing checkpoint, step 49500 at Mon Dec 13 18:18:40 2021


           Step           Time
          50000      100.00000

Writing checkpoint, step 50000 at Mon Dec 13 18:20:05 2021


   Energies (kJ/mol)
           Bond          Angle    Proper Dih. Ryckaert-Bell.          LJ-14
    1.80854e+03    4.83157e+03    3.01023e+02    2.27931e+03    3.11121e+03
     Coulomb-14        LJ (SR)  Disper. corr.   Coulomb (SR)   Coul. recip.
    1.31323e+04    1.03102e+05   -5.10973e+03   -7.08556e+05    3.25387e+03
      Potential    Kinetic En.   Total Energy  Conserved En.    Temperature
   -5.81845e+05    9.54278e+04   -4.86418e+05   -4.86665e+05    2.99161e+02
 Pres. DC (bar) Pressure (bar)   Constr. rmsd
   -2.26410e+02    1.82366e+02    2.95771e-06


	<======  ###############  ==>
	<====  A V E R A G E S  ====>
	<==  ###############  ======>

	Statistics over 50001 steps using 501 frames

   Energies (kJ/mol)
           Bond          Angle    Proper Dih. Ryckaert-Bell.          LJ-14
    1.80307e+03    4.88312e+03    2.95747e+02    2.35641e+03    3.11223e+03
     Coulomb-14        LJ (SR)  Disper. corr.   Coulomb (SR)   Coul. recip.
    1.30619e+04    1.02923e+05   -5.12699e+03   -7.09491e+05    3.26218e+03
      Potential    Kinetic En.   Total Energy  Conserved En.    Temperature
   -5.82920e+05    9.57086e+04   -4.87211e+05   -4.86848e+05    3.00042e+02
 Pres. DC (bar) Pressure (bar)   Constr. rmsd
   -2.27942e+02   -2.34542e+00    0.00000e+00

          Box-X          Box-Y          Box-Z
    7.20446e+00    7.20446e+00    7.20446e+00

   Total Virial (kJ/mol)
    3.19249e+04    2.35496e+01    4.98815e+01
    2.28617e+01    3.18537e+04    8.45823e+01
    5.03730e+01    8.44052e+01    3.20140e+04

   Pressure (bar)
    4.47682e-01   -2.36148e+00   -3.45817e+00
   -2.30038e+00    4.88351e+00   -1.10030e+01
   -3.50160e+00   -1.09871e+01   -1.23674e+01

      T-Protein  T-non-Protein
    3.00265e+02    3.00022e+02


	M E G A - F L O P S   A C C O U N T I N G

 NB=Group-cutoff nonbonded kernels    NxN=N-by-N cluster Verlet kernels
 RF=Reaction-Field  VdW=Van der Waals  QSTab=quadratic-spline table
 W3=SPC/TIP3p  W4=TIP4p (single or pairs)
 V&F=Potential and force  V=Potential only  F=Force only

 Computing:                               M-Number         M-Flops  % Flops
-----------------------------------------------------------------------------
 Pair Search distance check           13073.227658      117659.049     0.3
 NxN QSTab Elec. + LJ [F]            508351.443992    20842409.204    52.7
 NxN QSTab Elec. + LJ [V&F]            5145.146584      303563.648     0.8
 NxN QSTab Elec. [F]                 443394.851736    15075424.959    38.1
 NxN QSTab Elec. [V&F]                 4488.048920      184010.006     0.5
 1,4 nonbonded interactions             321.756435       28958.079     0.1
 Calc Weights                          5662.013238      203832.477     0.5
 Spread Q Bspline                    120789.615744      241579.231     0.6
 Gather F Bspline                    120789.615744      724737.694     1.8
 3D-FFT                              185299.305912     1482394.447     3.7
 Solve PME                              115.202304        7372.947     0.0
 Shift-X                                 37.783746         226.702     0.0
 Bonds                                   63.301266        3734.775     0.0
 Angles                                 224.004480       37632.753     0.1
 Propers                                 25.150503        5759.465     0.0
 RB-Dihedrals                           252.555051       62381.098     0.2
 Virial                                 188.992791        3401.870     0.0
 Stop-CM                                 18.910746         189.107     0.0
 Calc-Ekin                              377.535492       10193.458     0.0
 Lincs                                   60.951219        3657.073     0.0
 Lincs-Mat                              319.806396        1279.226     0.0
 Constraint-V                          1886.237724       15089.902     0.0
 Constraint-Vir                         182.561505        4381.476     0.0
 Settle                                 588.111762      189960.099     0.5
-----------------------------------------------------------------------------
 Total                                                39549828.747   100.0
-----------------------------------------------------------------------------


     R E A L   C Y C L E   A N D   T I M E   A C C O U N T I N G

On 1 MPI rank, each using 2 OpenMP threads

 Computing:          Num   Num      Call    Wall time         Giga-Cycles
                     Ranks Threads  Count      (s)         total sum    %
-----------------------------------------------------------------------------
 Neighbor search        1    2       1001      46.227        213.059   2.5
 Force                  1    2      50001    1493.897       6885.308  79.9
 PME mesh               1    2      50001     258.940       1193.442  13.9
 NB X/F buffer ops.     1    2      99001      23.014        106.071   1.2
 Write traj.            1    2         13       0.707          3.260   0.0
 Update                 1    2      50001      17.143         79.012   0.9
 Constraints            1    2      50001      24.318        112.080   1.3
 Rest                                           4.929         22.716   0.3
-----------------------------------------------------------------------------
 Total                                       1869.175       8614.947 100.0
-----------------------------------------------------------------------------
 Breakdown of PME mesh computation
-----------------------------------------------------------------------------
 PME spread             1    2      50001     101.127        466.090   5.4
 PME gather             1    2      50001     105.754        487.415   5.7
 PME 3D-FFT             1    2     100002      43.184        199.031   2.3
 PME solve Elec         1    2      50001       7.724         35.598   0.4
-----------------------------------------------------------------------------

               Core t (s)   Wall t (s)        (%)
       Time:     3738.350     1869.175      200.0
                         31:09
                 (ns/day)    (hour/ns)
Performance:        4.622        5.192
Finished mdrun on rank 0 Mon Dec 13 18:21:12 2021

